{"/Volumes/Disco Mac/Documentos SSD/GitHub/pruebas tecnicas/blossom-practic/src/domain/character/strategy/sort/SortByNameAZ.ts": {"path":"/Volumes/Disco Mac/Documentos SSD/GitHub/pruebas tecnicas/blossom-practic/src/domain/character/strategy/sort/SortByNameAZ.ts","statementMap":{"0":{"start":{"line":6,"column":8},"end":{"line":6,"column":76}},"1":{"start":{"line":6,"column":46},"end":{"line":6,"column":74}},"2":{"start":{"line":4,"column":0},"end":{"line":4,"column":13}}},"fnMap":{"0":{"name":"(anonymous_0)","decl":{"start":{"line":5,"column":4},"end":{"line":5,"column":8}},"loc":{"start":{"line":5,"column":37},"end":{"line":7,"column":5}}},"1":{"name":"(anonymous_1)","decl":{"start":{"line":6,"column":36},"end":{"line":6,"column":37}},"loc":{"start":{"line":6,"column":46},"end":{"line":6,"column":74}}}},"branchMap":{},"s":{"0":0,"1":0,"2":0},"f":{"0":0,"1":0},"b":{}}
,"/Volumes/Disco Mac/Documentos SSD/GitHub/pruebas tecnicas/blossom-practic/src/domain/character/strategy/sort/SortByNameZA.ts": {"path":"/Volumes/Disco Mac/Documentos SSD/GitHub/pruebas tecnicas/blossom-practic/src/domain/character/strategy/sort/SortByNameZA.ts","statementMap":{"0":{"start":{"line":6,"column":8},"end":{"line":6,"column":76}},"1":{"start":{"line":6,"column":46},"end":{"line":6,"column":74}},"2":{"start":{"line":4,"column":0},"end":{"line":4,"column":13}}},"fnMap":{"0":{"name":"(anonymous_0)","decl":{"start":{"line":5,"column":4},"end":{"line":5,"column":8}},"loc":{"start":{"line":5,"column":37},"end":{"line":7,"column":5}}},"1":{"name":"(anonymous_1)","decl":{"start":{"line":6,"column":36},"end":{"line":6,"column":37}},"loc":{"start":{"line":6,"column":46},"end":{"line":6,"column":74}}}},"branchMap":{},"s":{"0":0,"1":0,"2":0},"f":{"0":0,"1":0},"b":{}}
,"/Volumes/Disco Mac/Documentos SSD/GitHub/pruebas tecnicas/blossom-practic/src/domain/character/type/graphql.ts": {"path":"/Volumes/Disco Mac/Documentos SSD/GitHub/pruebas tecnicas/blossom-practic/src/domain/character/type/graphql.ts","statementMap":{"0":{"start":{"line":1,"column":0},"end":{"line":1,"column":37}},"1":{"start":{"line":3,"column":13},"end":{"line":23,"column":10}},"2":{"start":{"line":25,"column":13},"end":{"line":45,"column":6}},"3":{"start":{"line":47,"column":13},"end":{"line":59,"column":10}}},"fnMap":{},"branchMap":{},"s":{"0":2,"1":2,"2":2,"3":2},"f":{},"b":{}}
,"/Volumes/Disco Mac/Documentos SSD/GitHub/pruebas tecnicas/blossom-practic/src/factory/CharacterRepositoryFactory.ts": {"path":"/Volumes/Disco Mac/Documentos SSD/GitHub/pruebas tecnicas/blossom-practic/src/factory/CharacterRepositoryFactory.ts","statementMap":{"0":{"start":{"line":1,"column":0},"end":{"line":1,"column":105}},"1":{"start":{"line":3,"column":0},"end":{"line":3,"column":86}},"2":{"start":{"line":11,"column":8},"end":{"line":11,"column":52}},"3":{"start":{"line":11,"column":29},"end":{"line":11,"column":52}},"4":{"start":{"line":12,"column":23},"end":{"line":12,"column":54}},"5":{"start":{"line":13,"column":8},"end":{"line":13,"column":65}},"6":{"start":{"line":14,"column":8},"end":{"line":14,"column":31}},"7":{"start":{"line":20,"column":8},"end":{"line":20,"column":56}},"8":{"start":{"line":20,"column":31},"end":{"line":20,"column":56}},"9":{"start":{"line":21,"column":25},"end":{"line":21,"column":48}},"10":{"start":{"line":22,"column":8},"end":{"line":29,"column":11}},"11":{"start":{"line":30,"column":8},"end":{"line":30,"column":33}},"12":{"start":{"line":6,"column":0},"end":{"line":6,"column":13}},"13":{"start":{"line":7,"column":19},"end":{"line":7,"column":66}},"14":{"start":{"line":8,"column":19},"end":{"line":8,"column":83}}},"fnMap":{"0":{"name":"(anonymous_0)","decl":{"start":{"line":10,"column":4},"end":{"line":10,"column":10}},"loc":{"start":{"line":10,"column":32},"end":{"line":16,"column":5}}},"1":{"name":"(anonymous_1)","decl":{"start":{"line":19,"column":12},"end":{"line":19,"column":18}},"loc":{"start":{"line":19,"column":49},"end":{"line":31,"column":5}}}},"branchMap":{"0":{"loc":{"start":{"line":11,"column":8},"end":{"line":11,"column":52}},"type":"if","locations":[{"start":{"line":11,"column":8},"end":{"line":11,"column":52}},{"start":{},"end":{}}]},"1":{"loc":{"start":{"line":20,"column":8},"end":{"line":20,"column":56}},"type":"if","locations":[{"start":{"line":20,"column":8},"end":{"line":20,"column":56}},{"start":{},"end":{}}]}},"s":{"0":1,"1":1,"2":6,"3":2,"4":4,"5":4,"6":4,"7":4,"8":0,"9":4,"10":4,"11":4,"12":1,"13":1,"14":1},"f":{"0":6,"1":4},"b":{"0":[2,4],"1":[0,4]}}
,"/Volumes/Disco Mac/Documentos SSD/GitHub/pruebas tecnicas/blossom-practic/src/hooks/useCharacter.ts": {"path":"/Volumes/Disco Mac/Documentos SSD/GitHub/pruebas tecnicas/blossom-practic/src/hooks/useCharacter.ts","statementMap":{"0":{"start":{"line":1,"column":0},"end":{"line":1,"column":45}},"1":{"start":{"line":2,"column":0},"end":{"line":2,"column":64}},"2":{"start":{"line":3,"column":0},"end":{"line":3,"column":29}},"3":{"start":{"line":4,"column":0},"end":{"line":4,"column":60}},"4":{"start":{"line":5,"column":0},"end":{"line":5,"column":83}},"5":{"start":{"line":16,"column":28},"end":{"line":218,"column":1}},"6":{"start":{"line":42,"column":8},"end":{"line":42,"column":27}},"7":{"start":{"line":44,"column":16},"end":{"line":44,"column":47}},"8":{"start":{"line":45,"column":23},"end":{"line":45,"column":61}},"9":{"start":{"line":46,"column":20},"end":{"line":46,"column":81}},"10":{"start":{"line":46,"column":34},"end":{"line":46,"column":66}},"11":{"start":{"line":52,"column":31},"end":{"line":66,"column":57}},"12":{"start":{"line":52,"column":70},"end":{"line":66,"column":7}},"13":{"start":{"line":53,"column":8},"end":{"line":53,"column":25}},"14":{"start":{"line":54,"column":8},"end":{"line":65,"column":9}},"15":{"start":{"line":55,"column":25},"end":{"line":55,"column":61}},"16":{"start":{"line":56,"column":12},"end":{"line":56,"column":35}},"17":{"start":{"line":58,"column":12},"end":{"line":62,"column":13}},"18":{"start":{"line":59,"column":16},"end":{"line":59,"column":38}},"19":{"start":{"line":61,"column":16},"end":{"line":61,"column":59}},"20":{"start":{"line":64,"column":12},"end":{"line":64,"column":30}},"21":{"start":{"line":73,"column":34},"end":{"line":92,"column":58}},"22":{"start":{"line":73,"column":87},"end":{"line":92,"column":7}},"23":{"start":{"line":74,"column":8},"end":{"line":77,"column":9}},"24":{"start":{"line":75,"column":12},"end":{"line":75,"column":34}},"25":{"start":{"line":76,"column":12},"end":{"line":76,"column":19}},"26":{"start":{"line":79,"column":8},"end":{"line":79,"column":25}},"27":{"start":{"line":80,"column":8},"end":{"line":91,"column":9}},"28":{"start":{"line":81,"column":30},"end":{"line":81,"column":74}},"29":{"start":{"line":82,"column":12},"end":{"line":82,"column":60}},"30":{"start":{"line":84,"column":12},"end":{"line":88,"column":13}},"31":{"start":{"line":85,"column":16},"end":{"line":85,"column":38}},"32":{"start":{"line":87,"column":16},"end":{"line":87,"column":63}},"33":{"start":{"line":90,"column":12},"end":{"line":90,"column":30}},"34":{"start":{"line":98,"column":31},"end":{"line":112,"column":53}},"35":{"start":{"line":98,"column":64},"end":{"line":112,"column":7}},"36":{"start":{"line":99,"column":8},"end":{"line":99,"column":25}},"37":{"start":{"line":100,"column":8},"end":{"line":111,"column":9}},"38":{"start":{"line":101,"column":25},"end":{"line":101,"column":59}},"39":{"start":{"line":102,"column":12},"end":{"line":102,"column":31}},"40":{"start":{"line":104,"column":12},"end":{"line":108,"column":13}},"41":{"start":{"line":105,"column":16},"end":{"line":105,"column":38}},"42":{"start":{"line":107,"column":16},"end":{"line":107,"column":60}},"43":{"start":{"line":110,"column":12},"end":{"line":110,"column":30}},"44":{"start":{"line":117,"column":29},"end":{"line":121,"column":23}},"45":{"start":{"line":118,"column":8},"end":{"line":118,"column":47}},"46":{"start":{"line":118,"column":37},"end":{"line":118,"column":47}},"47":{"start":{"line":119,"column":24},"end":{"line":119,"column":85}},"48":{"start":{"line":119,"column":70},"end":{"line":119,"column":82}},"49":{"start":{"line":120,"column":8},"end":{"line":120,"column":30}},"50":{"start":{"line":126,"column":30},"end":{"line":130,"column":23}},"51":{"start":{"line":127,"column":8},"end":{"line":127,"column":47}},"52":{"start":{"line":127,"column":37},"end":{"line":127,"column":47}},"53":{"start":{"line":128,"column":25},"end":{"line":128,"column":85}},"54":{"start":{"line":128,"column":71},"end":{"line":128,"column":82}},"55":{"start":{"line":129,"column":8},"end":{"line":129,"column":31}},"56":{"start":{"line":135,"column":31},"end":{"line":149,"column":115}},"57":{"start":{"line":136,"column":25},"end":{"line":136,"column":53}},"58":{"start":{"line":138,"column":8},"end":{"line":140,"column":9}},"59":{"start":{"line":139,"column":12},"end":{"line":139,"column":40}},"60":{"start":{"line":142,"column":8},"end":{"line":148,"column":11}},"61":{"start":{"line":143,"column":12},"end":{"line":143,"column":100}},"62":{"start":{"line":143,"column":87},"end":{"line":143,"column":100}},"63":{"start":{"line":144,"column":12},"end":{"line":144,"column":98}},"64":{"start":{"line":144,"column":85},"end":{"line":144,"column":98}},"65":{"start":{"line":145,"column":12},"end":{"line":145,"column":86}},"66":{"start":{"line":145,"column":73},"end":{"line":145,"column":86}},"67":{"start":{"line":146,"column":12},"end":{"line":146,"column":85}},"68":{"start":{"line":146,"column":72},"end":{"line":146,"column":85}},"69":{"start":{"line":147,"column":12},"end":{"line":147,"column":24}},"70":{"start":{"line":154,"column":34},"end":{"line":156,"column":47}},"71":{"start":{"line":155,"column":8},"end":{"line":155,"column":86}},"72":{"start":{"line":155,"column":49},"end":{"line":155,"column":84}},"73":{"start":{"line":161,"column":32},"end":{"line":163,"column":47}},"74":{"start":{"line":162,"column":8},"end":{"line":162,"column":87}},"75":{"start":{"line":162,"column":49},"end":{"line":162,"column":85}},"76":{"start":{"line":165,"column":4},"end":{"line":217,"column":6}},"77":{"start":{"line":207,"column":35},"end":{"line":207,"column":65}},"78":{"start":{"line":16,"column":13},"end":{"line":16,"column":28}}},"fnMap":{"0":{"name":"(anonymous_7)","decl":{"start":{"line":16,"column":28},"end":{"line":16,"column":31}},"loc":{"start":{"line":16,"column":33},"end":{"line":218,"column":1}}},"1":{"name":"(anonymous_8)","decl":{"start":{"line":46,"column":28},"end":{"line":46,"column":31}},"loc":{"start":{"line":46,"column":34},"end":{"line":46,"column":66}}},"2":{"name":"(anonymous_9)","decl":{"start":{"line":52,"column":43},"end":{"line":52,"column":50}},"loc":{"start":{"line":52,"column":70},"end":{"line":66,"column":7}}},"3":{"name":"(anonymous_10)","decl":{"start":{"line":52,"column":70},"end":{"line":52,"column":null}},"loc":{"start":{"line":52,"column":66},"end":{"line":66,"column":5}}},"4":{"name":"(anonymous_11)","decl":{"start":{"line":73,"column":46},"end":{"line":73,"column":53}},"loc":{"start":{"line":73,"column":87},"end":{"line":92,"column":7}}},"5":{"name":"(anonymous_12)","decl":{"start":{"line":73,"column":87},"end":{"line":73,"column":null}},"loc":{"start":{"line":73,"column":83},"end":{"line":92,"column":5}}},"6":{"name":"(anonymous_13)","decl":{"start":{"line":98,"column":43},"end":{"line":98,"column":50}},"loc":{"start":{"line":98,"column":64},"end":{"line":112,"column":7}}},"7":{"name":"(anonymous_14)","decl":{"start":{"line":98,"column":64},"end":{"line":98,"column":null}},"loc":{"start":{"line":98,"column":64},"end":{"line":112,"column":5}}},"8":{"name":"(anonymous_15)","decl":{"start":{"line":117,"column":37},"end":{"line":117,"column":40}},"loc":{"start":{"line":117,"column":42},"end":{"line":121,"column":5}}},"9":{"name":"(anonymous_16)","decl":{"start":{"line":119,"column":62},"end":{"line":119,"column":66}},"loc":{"start":{"line":119,"column":70},"end":{"line":119,"column":82}}},"10":{"name":"(anonymous_17)","decl":{"start":{"line":126,"column":38},"end":{"line":126,"column":41}},"loc":{"start":{"line":126,"column":43},"end":{"line":130,"column":5}}},"11":{"name":"(anonymous_18)","decl":{"start":{"line":128,"column":63},"end":{"line":128,"column":67}},"loc":{"start":{"line":128,"column":71},"end":{"line":128,"column":82}}},"12":{"name":"(anonymous_19)","decl":{"start":{"line":135,"column":39},"end":{"line":135,"column":42}},"loc":{"start":{"line":135,"column":44},"end":{"line":149,"column":5}}},"13":{"name":"(anonymous_20)","decl":{"start":{"line":142,"column":33},"end":{"line":142,"column":37}},"loc":{"start":{"line":142,"column":40},"end":{"line":148,"column":9}}},"14":{"name":"(anonymous_21)","decl":{"start":{"line":154,"column":42},"end":{"line":154,"column":45}},"loc":{"start":{"line":154,"column":47},"end":{"line":156,"column":5}}},"15":{"name":"(anonymous_22)","decl":{"start":{"line":155,"column":41},"end":{"line":155,"column":45}},"loc":{"start":{"line":155,"column":49},"end":{"line":155,"column":84}}},"16":{"name":"(anonymous_23)","decl":{"start":{"line":161,"column":40},"end":{"line":161,"column":43}},"loc":{"start":{"line":161,"column":45},"end":{"line":163,"column":5}}},"17":{"name":"(anonymous_24)","decl":{"start":{"line":162,"column":41},"end":{"line":162,"column":45}},"loc":{"start":{"line":162,"column":49},"end":{"line":162,"column":85}}},"18":{"name":"(anonymous_25)","decl":{"start":{"line":207,"column":19},"end":{"line":207,"column":20}},"loc":{"start":{"line":207,"column":35},"end":{"line":207,"column":65}}}},"branchMap":{"0":{"loc":{"start":{"line":52,"column":50},"end":{"line":52,"column":66}},"type":"default-arg","locations":[{"start":{"line":52,"column":65},"end":{"line":52,"column":66}}]},"1":{"loc":{"start":{"line":58,"column":12},"end":{"line":62,"column":13}},"type":"if","locations":[{"start":{"line":58,"column":12},"end":{"line":62,"column":13}},{"start":{"line":60,"column":19},"end":{"line":62,"column":13}}]},"2":{"loc":{"start":{"line":73,"column":67},"end":{"line":73,"column":83}},"type":"default-arg","locations":[{"start":{"line":73,"column":82},"end":{"line":73,"column":83}}]},"3":{"loc":{"start":{"line":74,"column":8},"end":{"line":77,"column":9}},"type":"if","locations":[{"start":{"line":74,"column":8},"end":{"line":77,"column":9}},{"start":{},"end":{}}]},"4":{"loc":{"start":{"line":82,"column":30},"end":{"line":82,"column":58}},"type":"cond-expr","locations":[{"start":{"line":82,"column":42},"end":{"line":82,"column":53}},{"start":{"line":82,"column":56},"end":{"line":82,"column":58}}]},"5":{"loc":{"start":{"line":84,"column":12},"end":{"line":88,"column":13}},"type":"if","locations":[{"start":{"line":84,"column":12},"end":{"line":88,"column":13}},{"start":{"line":86,"column":19},"end":{"line":88,"column":13}}]},"6":{"loc":{"start":{"line":104,"column":12},"end":{"line":108,"column":13}},"type":"if","locations":[{"start":{"line":104,"column":12},"end":{"line":108,"column":13}},{"start":{"line":106,"column":19},"end":{"line":108,"column":13}}]},"7":{"loc":{"start":{"line":118,"column":8},"end":{"line":118,"column":47}},"type":"if","locations":[{"start":{"line":118,"column":8},"end":{"line":118,"column":47}},{"start":{},"end":{}}]},"8":{"loc":{"start":{"line":118,"column":13},"end":{"line":118,"column":35}},"type":"cond-expr","locations":[{"start":{"line":118,"column":26},"end":{"line":118,"column":28}},{"start":{"line":118,"column":13},"end":{"line":118,"column":35}}]},"9":{"loc":{"start":{"line":118,"column":13},"end":{"line":118,"column":28}},"type":"binary-expr","locations":[{"start":{"line":118,"column":13},"end":{"line":118,"column":28}},{"start":{"line":118,"column":13},"end":{"line":118,"column":28}}]},"10":{"loc":{"start":{"line":127,"column":8},"end":{"line":127,"column":47}},"type":"if","locations":[{"start":{"line":127,"column":8},"end":{"line":127,"column":47}},{"start":{},"end":{}}]},"11":{"loc":{"start":{"line":127,"column":13},"end":{"line":127,"column":35}},"type":"cond-expr","locations":[{"start":{"line":127,"column":26},"end":{"line":127,"column":28}},{"start":{"line":127,"column":13},"end":{"line":127,"column":35}}]},"12":{"loc":{"start":{"line":127,"column":13},"end":{"line":127,"column":28}},"type":"binary-expr","locations":[{"start":{"line":127,"column":13},"end":{"line":127,"column":28}},{"start":{"line":127,"column":13},"end":{"line":127,"column":28}}]},"13":{"loc":{"start":{"line":136,"column":25},"end":{"line":136,"column":53}},"type":"binary-expr","locations":[{"start":{"line":136,"column":25},"end":{"line":136,"column":47}},{"start":{"line":136,"column":51},"end":{"line":136,"column":53}}]},"14":{"loc":{"start":{"line":136,"column":25},"end":{"line":136,"column":47}},"type":"cond-expr","locations":[{"start":{"line":136,"column":38},"end":{"line":136,"column":40}},{"start":{"line":136,"column":25},"end":{"line":136,"column":47}}]},"15":{"loc":{"start":{"line":136,"column":25},"end":{"line":136,"column":40}},"type":"binary-expr","locations":[{"start":{"line":136,"column":25},"end":{"line":136,"column":40}},{"start":{"line":136,"column":25},"end":{"line":136,"column":40}}]},"16":{"loc":{"start":{"line":138,"column":8},"end":{"line":140,"column":9}},"type":"if","locations":[{"start":{"line":138,"column":8},"end":{"line":140,"column":9}},{"start":{},"end":{}}]},"17":{"loc":{"start":{"line":138,"column":12},"end":{"line":138,"column":47}},"type":"binary-expr","locations":[{"start":{"line":138,"column":12},"end":{"line":138,"column":29}},{"start":{"line":138,"column":33},"end":{"line":138,"column":47}}]},"18":{"loc":{"start":{"line":143,"column":12},"end":{"line":143,"column":100}},"type":"if","locations":[{"start":{"line":143,"column":12},"end":{"line":143,"column":100}},{"start":{},"end":{}}]},"19":{"loc":{"start":{"line":143,"column":16},"end":{"line":143,"column":85}},"type":"binary-expr","locations":[{"start":{"line":143,"column":16},"end":{"line":143,"column":45}},{"start":{"line":143,"column":49},"end":{"line":143,"column":85}}]},"20":{"loc":{"start":{"line":144,"column":12},"end":{"line":144,"column":98}},"type":"if","locations":[{"start":{"line":144,"column":12},"end":{"line":144,"column":98}},{"start":{},"end":{}}]},"21":{"loc":{"start":{"line":144,"column":16},"end":{"line":144,"column":83}},"type":"binary-expr","locations":[{"start":{"line":144,"column":16},"end":{"line":144,"column":44}},{"start":{"line":144,"column":48},"end":{"line":144,"column":83}}]},"22":{"loc":{"start":{"line":145,"column":12},"end":{"line":145,"column":86}},"type":"if","locations":[{"start":{"line":145,"column":12},"end":{"line":145,"column":86}},{"start":{},"end":{}}]},"23":{"loc":{"start":{"line":145,"column":16},"end":{"line":145,"column":71}},"type":"binary-expr","locations":[{"start":{"line":145,"column":16},"end":{"line":145,"column":38}},{"start":{"line":145,"column":42},"end":{"line":145,"column":71}}]},"24":{"loc":{"start":{"line":146,"column":12},"end":{"line":146,"column":85}},"type":"if","locations":[{"start":{"line":146,"column":12},"end":{"line":146,"column":85}},{"start":{},"end":{}}]},"25":{"loc":{"start":{"line":146,"column":16},"end":{"line":146,"column":70}},"type":"binary-expr","locations":[{"start":{"line":146,"column":16},"end":{"line":146,"column":38}},{"start":{"line":146,"column":42},"end":{"line":146,"column":70}}]},"26":{"loc":{"start":{"line":210,"column":25},"end":{"line":210,"column":55}},"type":"cond-expr","locations":[{"start":{"line":210,"column":47},"end":{"line":210,"column":49}},{"start":{"line":210,"column":47},"end":{"line":210,"column":55}}]},"27":{"loc":{"start":{"line":210,"column":25},"end":{"line":210,"column":49}},"type":"binary-expr","locations":[{"start":{"line":210,"column":25},"end":{"line":210,"column":49}},{"start":{"line":210,"column":47},"end":{"line":210,"column":49}}]},"28":{"loc":{"start":{"line":210,"column":25},"end":{"line":210,"column":47}},"type":"cond-expr","locations":[{"start":{"line":210,"column":38},"end":{"line":210,"column":40}},{"start":{"line":210,"column":25},"end":{"line":210,"column":47}}]},"29":{"loc":{"start":{"line":210,"column":25},"end":{"line":210,"column":40}},"type":"binary-expr","locations":[{"start":{"line":210,"column":25},"end":{"line":210,"column":40}},{"start":{"line":210,"column":25},"end":{"line":210,"column":40}}]},"30":{"loc":{"start":{"line":213,"column":25},"end":{"line":213,"column":56}},"type":"binary-expr","locations":[{"start":{"line":213,"column":25},"end":{"line":213,"column":51}},{"start":{"line":213,"column":55},"end":{"line":213,"column":56}}]},"31":{"loc":{"start":{"line":213,"column":25},"end":{"line":213,"column":51}},"type":"cond-expr","locations":[{"start":{"line":213,"column":44},"end":{"line":213,"column":46}},{"start":{"line":213,"column":44},"end":{"line":213,"column":51}}]},"32":{"loc":{"start":{"line":213,"column":25},"end":{"line":213,"column":46}},"type":"binary-expr","locations":[{"start":{"line":213,"column":25},"end":{"line":213,"column":46}},{"start":{"line":213,"column":44},"end":{"line":213,"column":46}}]},"33":{"loc":{"start":{"line":213,"column":25},"end":{"line":213,"column":44}},"type":"cond-expr","locations":[{"start":{"line":213,"column":38},"end":{"line":213,"column":40}},{"start":{"line":213,"column":25},"end":{"line":213,"column":44}}]},"34":{"loc":{"start":{"line":213,"column":25},"end":{"line":213,"column":40}},"type":"binary-expr","locations":[{"start":{"line":213,"column":25},"end":{"line":213,"column":40}},{"start":{"line":213,"column":25},"end":{"line":213,"column":40}}]},"35":{"loc":{"start":{"line":216,"column":20},"end":{"line":216,"column":51}},"type":"binary-expr","locations":[{"start":{"line":216,"column":20},"end":{"line":216,"column":46}},{"start":{"line":216,"column":50},"end":{"line":216,"column":51}}]},"36":{"loc":{"start":{"line":216,"column":20},"end":{"line":216,"column":46}},"type":"cond-expr","locations":[{"start":{"line":216,"column":39},"end":{"line":216,"column":41}},{"start":{"line":216,"column":39},"end":{"line":216,"column":46}}]},"37":{"loc":{"start":{"line":216,"column":20},"end":{"line":216,"column":41}},"type":"binary-expr","locations":[{"start":{"line":216,"column":20},"end":{"line":216,"column":41}},{"start":{"line":216,"column":39},"end":{"line":216,"column":41}}]},"38":{"loc":{"start":{"line":216,"column":20},"end":{"line":216,"column":39}},"type":"cond-expr","locations":[{"start":{"line":216,"column":33},"end":{"line":216,"column":35}},{"start":{"line":216,"column":20},"end":{"line":216,"column":39}}]},"39":{"loc":{"start":{"line":216,"column":20},"end":{"line":216,"column":35}},"type":"binary-expr","locations":[{"start":{"line":216,"column":20},"end":{"line":216,"column":35}},{"start":{"line":216,"column":20},"end":{"line":216,"column":35}}]}},"s":{"0":0,"1":0,"2":0,"3":0,"4":0,"5":0,"6":0,"7":0,"8":0,"9":0,"10":0,"11":0,"12":0,"13":0,"14":0,"15":0,"16":0,"17":0,"18":0,"19":0,"20":0,"21":0,"22":0,"23":0,"24":0,"25":0,"26":0,"27":0,"28":0,"29":0,"30":0,"31":0,"32":0,"33":0,"34":0,"35":0,"36":0,"37":0,"38":0,"39":0,"40":0,"41":0,"42":0,"43":0,"44":0,"45":0,"46":0,"47":0,"48":0,"49":0,"50":0,"51":0,"52":0,"53":0,"54":0,"55":0,"56":0,"57":0,"58":0,"59":0,"60":0,"61":0,"62":0,"63":0,"64":0,"65":0,"66":0,"67":0,"68":0,"69":0,"70":0,"71":0,"72":0,"73":0,"74":0,"75":0,"76":0,"77":0,"78":0},"f":{"0":0,"1":0,"2":0,"3":0,"4":0,"5":0,"6":0,"7":0,"8":0,"9":0,"10":0,"11":0,"12":0,"13":0,"14":0,"15":0,"16":0,"17":0,"18":0},"b":{"0":[0],"1":[0,0],"2":[0],"3":[0,0],"4":[0,0],"5":[0,0],"6":[0,0],"7":[0,0],"8":[0,0],"9":[0,0],"10":[0,0],"11":[0,0],"12":[0,0],"13":[0,0],"14":[0,0],"15":[0,0],"16":[0,0],"17":[0,0],"18":[0,0],"19":[0,0],"20":[0,0],"21":[0,0],"22":[0,0],"23":[0,0],"24":[0,0],"25":[0,0],"26":[0,0],"27":[0,0],"28":[0,0],"29":[0,0],"30":[0,0],"31":[0,0],"32":[0,0],"33":[0,0],"34":[0,0],"35":[0,0],"36":[0,0],"37":[0,0],"38":[0,0],"39":[0,0]}}
,"/Volumes/Disco Mac/Documentos SSD/GitHub/pruebas tecnicas/blossom-practic/src/repository/GraphQLCharacterRepository.ts": {"path":"/Volumes/Disco Mac/Documentos SSD/GitHub/pruebas tecnicas/blossom-practic/src/repository/GraphQLCharacterRepository.ts","statementMap":{"0":{"start":{"line":5,"column":0},"end":{"line":5,"column":115}},"1":{"start":{"line":11,"column":8},"end":{"line":11,"column":29}},"2":{"start":{"line":15,"column":8},"end":{"line":30,"column":9}},"3":{"start":{"line":16,"column":29},"end":{"line":20,"column":14}},"4":{"start":{"line":22,"column":12},"end":{"line":24,"column":13}},"5":{"start":{"line":23,"column":16},"end":{"line":23,"column":59}},"6":{"start":{"line":26,"column":12},"end":{"line":26,"column":35}},"7":{"start":{"line":28,"column":12},"end":{"line":28,"column":67}},"8":{"start":{"line":29,"column":12},"end":{"line":29,"column":24}},"9":{"start":{"line":34,"column":8},"end":{"line":56,"column":9}},"10":{"start":{"line":35,"column":29},"end":{"line":42,"column":14}},"11":{"start":{"line":44,"column":12},"end":{"line":46,"column":13}},"12":{"start":{"line":45,"column":16},"end":{"line":45,"column":28}},"13":{"start":{"line":48,"column":12},"end":{"line":48,"column":90}},"14":{"start":{"line":51,"column":12},"end":{"line":51,"column":71}},"15":{"start":{"line":52,"column":12},"end":{"line":54,"column":13}},"16":{"start":{"line":53,"column":16},"end":{"line":53,"column":28}},"17":{"start":{"line":55,"column":12},"end":{"line":55,"column":24}},"18":{"start":{"line":59,"column":8},"end":{"line":73,"column":9}},"19":{"start":{"line":60,"column":29},"end":{"line":64,"column":14}},"20":{"start":{"line":66,"column":12},"end":{"line":66,"column":43}},"21":{"start":{"line":68,"column":12},"end":{"line":68,"column":68}},"22":{"start":{"line":69,"column":12},"end":{"line":71,"column":13}},"23":{"start":{"line":70,"column":16},"end":{"line":70,"column":28}},"24":{"start":{"line":72,"column":12},"end":{"line":72,"column":24}},"25":{"start":{"line":7,"column":0},"end":{"line":7,"column":13}}},"fnMap":{"0":{"name":"(anonymous_7)","decl":{"start":{"line":10,"column":4},"end":{"line":10,"column":16}},"loc":{"start":{"line":10,"column":59},"end":{"line":12,"column":5}}},"1":{"name":"(anonymous_8)","decl":{"start":{"line":14,"column":10},"end":{"line":14,"column":26}},"loc":{"start":{"line":14,"column":40},"end":{"line":32,"column":null}}},"2":{"name":"(anonymous_10)","decl":{"start":{"line":33,"column":10},"end":{"line":33,"column":28}},"loc":{"start":{"line":33,"column":56},"end":{"line":57,"column":null}}},"3":{"name":"(anonymous_12)","decl":{"start":{"line":58,"column":10},"end":{"line":58,"column":26}},"loc":{"start":{"line":58,"column":37},"end":{"line":75,"column":null}}}},"branchMap":{"0":{"loc":{"start":{"line":22,"column":12},"end":{"line":24,"column":13}},"type":"if","locations":[{"start":{"line":22,"column":12},"end":{"line":24,"column":13}},{"start":{},"end":{}}]},"1":{"loc":{"start":{"line":22,"column":17},"end":{"line":22,"column":33}},"type":"cond-expr","locations":[{"start":{"line":22,"column":21},"end":{"line":22,"column":23}},{"start":{"line":22,"column":17},"end":{"line":22,"column":33}}]},"2":{"loc":{"start":{"line":22,"column":17},"end":{"line":22,"column":23}},"type":"binary-expr","locations":[{"start":{"line":22,"column":17},"end":{"line":22,"column":23}},{"start":{"line":22,"column":17},"end":{"line":22,"column":23}}]},"3":{"loc":{"start":{"line":44,"column":12},"end":{"line":46,"column":13}},"type":"if","locations":[{"start":{"line":44,"column":12},"end":{"line":46,"column":13}},{"start":{},"end":{}}]},"4":{"loc":{"start":{"line":44,"column":17},"end":{"line":44,"column":42}},"type":"cond-expr","locations":[{"start":{"line":44,"column":33},"end":{"line":44,"column":35}},{"start":{"line":44,"column":33},"end":{"line":44,"column":42}}]},"5":{"loc":{"start":{"line":44,"column":17},"end":{"line":44,"column":35}},"type":"binary-expr","locations":[{"start":{"line":44,"column":17},"end":{"line":44,"column":35}},{"start":{"line":44,"column":33},"end":{"line":44,"column":35}}]},"6":{"loc":{"start":{"line":44,"column":17},"end":{"line":44,"column":33}},"type":"cond-expr","locations":[{"start":{"line":44,"column":21},"end":{"line":44,"column":23}},{"start":{"line":44,"column":17},"end":{"line":44,"column":33}}]},"7":{"loc":{"start":{"line":44,"column":17},"end":{"line":44,"column":23}},"type":"binary-expr","locations":[{"start":{"line":44,"column":17},"end":{"line":44,"column":23}},{"start":{"line":44,"column":17},"end":{"line":44,"column":23}}]},"8":{"loc":{"start":{"line":48,"column":19},"end":{"line":48,"column":89}},"type":"cond-expr","locations":[{"start":{"line":48,"column":56},"end":{"line":48,"column":82}},{"start":{"line":48,"column":85},"end":{"line":48,"column":89}}]},"9":{"loc":{"start":{"line":52,"column":12},"end":{"line":54,"column":13}},"type":"if","locations":[{"start":{"line":52,"column":12},"end":{"line":54,"column":13}},{"start":{},"end":{}}]},"10":{"loc":{"start":{"line":52,"column":16},"end":{"line":52,"column":124}},"type":"binary-expr","locations":[{"start":{"line":52,"column":16},"end":{"line":52,"column":38}},{"start":{"line":52,"column":43},"end":{"line":52,"column":72}},{"start":{"line":52,"column":76},"end":{"line":52,"column":123}}]},"11":{"loc":{"start":{"line":66,"column":19},"end":{"line":66,"column":42}},"type":"binary-expr","locations":[{"start":{"line":66,"column":19},"end":{"line":66,"column":34}},{"start":{"line":66,"column":38},"end":{"line":66,"column":42}}]},"12":{"loc":{"start":{"line":66,"column":19},"end":{"line":66,"column":34}},"type":"cond-expr","locations":[{"start":{"line":66,"column":23},"end":{"line":66,"column":25}},{"start":{"line":66,"column":19},"end":{"line":66,"column":34}}]},"13":{"loc":{"start":{"line":66,"column":19},"end":{"line":66,"column":25}},"type":"binary-expr","locations":[{"start":{"line":66,"column":19},"end":{"line":66,"column":25}},{"start":{"line":66,"column":19},"end":{"line":66,"column":25}}]},"14":{"loc":{"start":{"line":69,"column":12},"end":{"line":71,"column":13}},"type":"if","locations":[{"start":{"line":69,"column":12},"end":{"line":71,"column":13}},{"start":{},"end":{}}]},"15":{"loc":{"start":{"line":69,"column":16},"end":{"line":69,"column":71}},"type":"binary-expr","locations":[{"start":{"line":69,"column":16},"end":{"line":69,"column":38}},{"start":{"line":69,"column":42},"end":{"line":69,"column":71}}]}},"s":{"0":2,"1":3,"2":3,"3":3,"4":2,"5":1,"6":1,"7":2,"8":2,"9":0,"10":0,"11":0,"12":0,"13":0,"14":0,"15":0,"16":0,"17":0,"18":0,"19":0,"20":0,"21":0,"22":0,"23":0,"24":0,"25":2},"f":{"0":3,"1":3,"2":0,"3":0},"b":{"0":[1,1],"1":[0,2],"2":[2,2],"3":[0,0],"4":[0,0],"5":[0,0],"6":[0,0],"7":[0,0],"8":[0,0],"9":[0,0],"10":[0,0,0],"11":[0,0],"12":[0,0],"13":[0,0],"14":[0,0],"15":[0,0]}}
,"/Volumes/Disco Mac/Documentos SSD/GitHub/pruebas tecnicas/blossom-practic/src/services/CharacterService.ts": {"path":"/Volumes/Disco Mac/Documentos SSD/GitHub/pruebas tecnicas/blossom-practic/src/services/CharacterService.ts","statementMap":{"0":{"start":{"line":10,"column":8},"end":{"line":10,"column":37}},"1":{"start":{"line":13,"column":27},"end":{"line":15,"column":null}},"2":{"start":{"line":14,"column":8},"end":{"line":14,"column":54}},"3":{"start":{"line":18,"column":8},"end":{"line":18,"column":52}},"4":{"start":{"line":21,"column":29},"end":{"line":23,"column":null}},"5":{"start":{"line":22,"column":8},"end":{"line":22,"column":62}},"6":{"start":{"line":6,"column":0},"end":{"line":6,"column":13}}},"fnMap":{"0":{"name":"(anonymous_7)","decl":{"start":{"line":9,"column":4},"end":{"line":9,"column":16}},"loc":{"start":{"line":9,"column":48},"end":{"line":11,"column":5}}},"1":{"name":"(anonymous_8)","decl":{"start":{"line":13,"column":10},"end":{"line":13,"column":26}},"loc":{"start":{"line":13,"column":26},"end":{"line":15,"column":null}}},"2":{"name":"(anonymous_9)","decl":{"start":{"line":13,"column":27},"end":{"line":13,"column":42}},"loc":{"start":{"line":13,"column":43},"end":{"line":15,"column":5}}},"3":{"name":"(anonymous_10)","decl":{"start":{"line":17,"column":10},"end":{"line":17,"column":26}},"loc":{"start":{"line":17,"column":37},"end":{"line":19,"column":null}}},"4":{"name":"(anonymous_12)","decl":{"start":{"line":21,"column":10},"end":{"line":21,"column":28}},"loc":{"start":{"line":21,"column":28},"end":{"line":23,"column":null}}},"5":{"name":"(anonymous_13)","decl":{"start":{"line":21,"column":29},"end":{"line":21,"column":41}},"loc":{"start":{"line":21,"column":59},"end":{"line":23,"column":5}}}},"branchMap":{"0":{"loc":{"start":{"line":13,"column":27},"end":{"line":13,"column":43}},"type":"default-arg","locations":[{"start":{"line":13,"column":42},"end":{"line":13,"column":43}}]},"1":{"loc":{"start":{"line":21,"column":43},"end":{"line":21,"column":59}},"type":"default-arg","locations":[{"start":{"line":21,"column":58},"end":{"line":21,"column":59}}]}},"s":{"0":7,"1":2,"2":2,"3":2,"4":3,"5":3,"6":1},"f":{"0":7,"1":2,"2":2,"3":2,"4":3,"5":3},"b":{"0":[1],"1":[2]}}
,"/Volumes/Disco Mac/Documentos SSD/GitHub/pruebas tecnicas/blossom-practic/src/store/CharacterStore.ts": {"path":"/Volumes/Disco Mac/Documentos SSD/GitHub/pruebas tecnicas/blossom-practic/src/store/CharacterStore.ts","statementMap":{"0":{"start":{"line":2,"column":0},"end":{"line":2,"column":33}},"1":{"start":{"line":131,"column":13},"end":{"line":176,"column":4}},"2":{"start":{"line":131,"column":66},"end":{"line":176,"column":2}},"3":{"start":{"line":143,"column":32},"end":{"line":143,"column":89}},"4":{"start":{"line":144,"column":33},"end":{"line":144,"column":91}},"5":{"start":{"line":145,"column":28},"end":{"line":145,"column":81}},"6":{"start":{"line":147,"column":29},"end":{"line":147,"column":45}},"7":{"start":{"line":148,"column":25},"end":{"line":148,"column":55}},"8":{"start":{"line":149,"column":22},"end":{"line":149,"column":42}},"9":{"start":{"line":151,"column":36},"end":{"line":151,"column":68}},"10":{"start":{"line":152,"column":33},"end":{"line":152,"column":62}},"11":{"start":{"line":153,"column":33},"end":{"line":153,"column":62}},"12":{"start":{"line":154,"column":29},"end":{"line":154,"column":54}},"13":{"start":{"line":156,"column":27},"end":{"line":160,"column":7}},"14":{"start":{"line":156,"column":43},"end":{"line":160,"column":6}},"15":{"start":{"line":158,"column":58},"end":{"line":158,"column":74}},"16":{"start":{"line":162,"column":21},"end":{"line":168,"column":6}},"17":{"start":{"line":170,"column":24},"end":{"line":175,"column":6}}},"fnMap":{"0":{"name":"(anonymous_0)","decl":{"start":{"line":131,"column":56},"end":{"line":131,"column":57}},"loc":{"start":{"line":131,"column":66},"end":{"line":176,"column":2}}},"1":{"name":"(anonymous_1)","decl":{"start":{"line":143,"column":22},"end":{"line":143,"column":23}},"loc":{"start":{"line":143,"column":32},"end":{"line":143,"column":89}}},"2":{"name":"(anonymous_2)","decl":{"start":{"line":144,"column":23},"end":{"line":144,"column":24}},"loc":{"start":{"line":144,"column":33},"end":{"line":144,"column":91}}},"3":{"name":"(anonymous_3)","decl":{"start":{"line":145,"column":18},"end":{"line":145,"column":19}},"loc":{"start":{"line":145,"column":28},"end":{"line":145,"column":81}}},"4":{"name":"(anonymous_4)","decl":{"start":{"line":147,"column":16},"end":{"line":147,"column":17}},"loc":{"start":{"line":147,"column":29},"end":{"line":147,"column":45}}},"5":{"name":"(anonymous_5)","decl":{"start":{"line":148,"column":14},"end":{"line":148,"column":15}},"loc":{"start":{"line":148,"column":25},"end":{"line":148,"column":55}}},"6":{"name":"(anonymous_6)","decl":{"start":{"line":149,"column":16},"end":{"line":149,"column":19}},"loc":{"start":{"line":149,"column":22},"end":{"line":149,"column":42}}},"7":{"name":"(anonymous_7)","decl":{"start":{"line":151,"column":24},"end":{"line":151,"column":25}},"loc":{"start":{"line":151,"column":36},"end":{"line":151,"column":68}}},"8":{"name":"(anonymous_8)","decl":{"start":{"line":152,"column":21},"end":{"line":152,"column":22}},"loc":{"start":{"line":152,"column":33},"end":{"line":152,"column":62}}},"9":{"name":"(anonymous_9)","decl":{"start":{"line":153,"column":21},"end":{"line":153,"column":22}},"loc":{"start":{"line":153,"column":33},"end":{"line":153,"column":62}}},"10":{"name":"(anonymous_10)","decl":{"start":{"line":154,"column":19},"end":{"line":154,"column":20}},"loc":{"start":{"line":154,"column":29},"end":{"line":154,"column":54}}},"11":{"name":"(anonymous_11)","decl":{"start":{"line":156,"column":19},"end":{"line":156,"column":20}},"loc":{"start":{"line":156,"column":27},"end":{"line":160,"column":7}}},"12":{"name":"(anonymous_12)","decl":{"start":{"line":156,"column":31},"end":{"line":156,"column":32}},"loc":{"start":{"line":156,"column":43},"end":{"line":160,"column":6}}},"13":{"name":"(anonymous_13)","decl":{"start":{"line":158,"column":45},"end":{"line":158,"column":54}},"loc":{"start":{"line":158,"column":58},"end":{"line":158,"column":74}}},"14":{"name":"(anonymous_14)","decl":{"start":{"line":162,"column":15},"end":{"line":162,"column":18}},"loc":{"start":{"line":162,"column":21},"end":{"line":168,"column":6}}},"15":{"name":"(anonymous_15)","decl":{"start":{"line":170,"column":18},"end":{"line":170,"column":21}},"loc":{"start":{"line":170,"column":24},"end":{"line":175,"column":6}}}},"branchMap":{"0":{"loc":{"start":{"line":157,"column":27},"end":{"line":159,"column":46}},"type":"cond-expr","locations":[{"start":{"line":158,"column":14},"end":{"line":158,"column":75}},{"start":{"line":159,"column":14},"end":{"line":159,"column":46}}]}},"s":{"0":0,"1":0,"2":0,"3":0,"4":0,"5":0,"6":0,"7":0,"8":0,"9":0,"10":0,"11":0,"12":0,"13":0,"14":0,"15":0,"16":0,"17":0},"f":{"0":0,"1":0,"2":0,"3":0,"4":0,"5":0,"6":0,"7":0,"8":0,"9":0,"10":0,"11":0,"12":0,"13":0,"14":0,"15":0},"b":{"0":[0,0]}}
}
